   1              	# 1 "../stm32_lib/startup_stm32f10x_md_vl.S"
   1              	/**
   1              	...
   0              	
   0              	
   2              	 ******************************************************************************
   3              	 * @file      startup_stm32f10x_md_vl.s
   4              	 * @author    MCD Application Team
   5              	 * @version   V3.3.0
   6              	 * @date      04/16/2010
   7              	 * @brief     STM32F10x Medium Density Value Line Devices vector table for Atollic toolchain.
   8              	 *            This module performs:
   9              	 *                - Set the initial SP
  10              	 *                - Set the initial PC == Reset_Handler,
  11              	 *                - Set the vector table entries with the exceptions ISR address
  12              	 *                - Configure the clock system   
  13              	 *                - Branches to main in the C library (which eventually
  14              	 *                  calls main()).
  15              	 *            After Reset the Cortex-M3 processor is in Thread mode,
  16              	 *            priority is Privileged, and the Stack is set to Main.
  17              	 *******************************************************************************
  18              	 * @copy
  19              	 *
  20              	 * THE PRESENT FIRMWARE WHICH IS FOR GUIDANCE ONLY AIMS AT PROVIDING CUSTOMERS
  21              	 * WITH CODING INFORMATION REGARDING THEIR PRODUCTS IN ORDER FOR THEM TO SAVE
  22              	 * TIME. AS A RESULT, STMICROELECTRONICS SHALL NOT BE HELD LIABLE FOR ANY
  23              	 * DIRECT, INDIRECT OR CONSEQUENTIAL DAMAGES WITH RESPECT TO ANY CLAIMS ARISING
  24              	 * FROM THE CONTENT OF SUCH FIRMWARE AND/OR THE USE MADE BY CUSTOMERS OF THE
  25              	 * CODING INFORMATION CONTAINED HEREIN IN CONNECTION WITH THEIR PRODUCTS.
  26              	 *
  27              	 * <h2><center>&copy; COPYRIGHT 2010 STMicroelectronics</center></h2>
  28              	 */
  29              	
  30              	  .syntax unified
  31              		.cpu cortex-m3
  32              		.fpu softvfp
  33              		.thumb
  34              	
  35              	.global	g_pfnVectors
  36              	.global	SystemInit_ExtMemCtl_Dummy
  37              	.global	Default_Handler
  38              	
  39              	/* start address for the initialization values of the .data section.
  40              	defined in linker script */
  41 0000 00000000 	.word	_sidata
  42              	/* start address for the .data section. defined in linker script */
  43 0004 00000000 	.word	_sdata
  44              	/* end address for the .data section. defined in linker script */
  45 0008 00000000 	.word	_edata
  46              	/* start address for the .bss section. defined in linker script */
  47 000c 00000000 	.word	_sbss
  48              	/* end address for the .bss section. defined in linker script */
  49 0010 00000000 	.word	_ebss
  50              	
  51              	.equ  BootRAM, 0xF108F85F
  52              	/**
  53              	 * @brief  This is the code that gets called when the processor first
  54              	 *          starts execution following a reset event. Only the absolutely
  55              	 *          necessary set is performed, after which the application
  56              	 *          supplied main() routine is called.
  57              	 * @param  None
  58              	 * @retval : None
  59              	*/
  60              	
  61              	    .section	.text.Reset_Handler
  62              		.weak	Reset_Handler
  64              	Reset_Handler:
  65              	
  66              	/* Copy the data segment initializers from flash to SRAM */
  67 0000 0021     	  movs	r1, #0
  68 0002 00F004B8 	  b	LoopCopyDataInit
  69              	
  70              	CopyDataInit:
  71 0006 0D4B     		ldr	r3, =_sidata
  72 0008 5B58     		ldr	r3, [r3, r1]
  73 000a 4350     		str	r3, [r0, r1]
  74 000c 0431     		adds	r1, r1, #4
  75              	
  76              	LoopCopyDataInit:
  77 000e 0C48     		ldr	r0, =_sdata
  78 0010 0C4B     		ldr	r3, =_edata
  79 0012 4218     		adds	r2, r0, r1
  80 0014 9A42     		cmp	r2, r3
  81 0016 FFF4F6AF 		bcc	CopyDataInit
  82 001a 0B4A     		ldr	r2, =_sbss
  83 001c 00F003B8 		b	LoopFillZerobss
  84              	/* Zero fill the bss segment. */
  85              	FillZerobss:
  86 0020 0023     		movs	r3, #0
  87 0022 42F8043B 		str	r3, [r2], #4
  88              	
  89              	LoopFillZerobss:
  90 0026 094B     		ldr	r3, = _ebss
  91 0028 9A42     		cmp	r2, r3
  92 002a FFF4F9AF 		bcc	FillZerobss
  93              		
  94              	/* Call the clock system intitialization function.*/
  95 002e FFF7FEFF 	  bl  SystemInit 
  96              	/* Call static constructors */
  97 0032 FFF7FEFF 	  bl __libc_init_array  
  98              	/* Call the application's entry point.*/
  99 0036 FFF7FEFF 		bl	main
 100 003a 7047     		bx	lr
 102              	
 103              	/**
 104              	 * @brief  This is the code that gets called when the processor receives an
 105              	 *         unexpected interrupt.  This simply enters an infinite loop, preserving
 106              	 *         the system state for examination by a debugger.
 107              	 *
 108              	 * @param  None
 109              	 * @retval : None
 110              	*/
 111              	    .section	.text.Default_Handler,"ax",%progbits
 112              	Default_Handler:
 113              	Infinite_Loop:
 114 0000 FFF7FEBF 		b	Infinite_Loop
 116              	/******************************************************************************
 117              	*
 118              	* The minimal vector table for a Cortex M3.  Note that the proper constructs
 119              	* must be placed on this to ensure that it ends up at physical address
 120              	* 0x0000.0000.
 121              	*
 122              	******************************************************************************/
 123              	 	.section	.isr_vector,"a",%progbits
 126              	
 127              	
 128              	g_pfnVectors:
 129 0000 00000000 		.word	_estack
 130 0004 00000000 		.word	Reset_Handler
 131 0008 00000000 		.word	NMI_Handler
 132 000c 00000000 		.word	HardFault_Handler
 133 0010 00000000 		.word	MemManage_Handler
 134 0014 00000000 		.word	BusFault_Handler
 135 0018 00000000 		.word	UsageFault_Handler
 136 001c 00000000 		.word	0
 137 0020 00000000 		.word	0
 138 0024 00000000 		.word	0
 139 0028 00000000 		.word	0
 140 002c 00000000 		.word	SVC_Handler
 141 0030 00000000 		.word	DebugMon_Handler
 142 0034 00000000 		.word	0
 143 0038 00000000 		.word	PendSV_Handler
 144 003c 00000000 		.word	SysTick_Handler
 145 0040 00000000 		.word	WWDG_IRQHandler
 146 0044 00000000 		.word	PVD_IRQHandler
 147 0048 00000000 		.word	TAMPER_IRQHandler
 148 004c 00000000 		.word	RTC_IRQHandler
 149 0050 00000000 		.word	FLASH_IRQHandler
 150 0054 00000000 		.word	RCC_IRQHandler
 151 0058 00000000 		.word	EXTI0_IRQHandler
 152 005c 00000000 		.word	EXTI1_IRQHandler
 153 0060 00000000 		.word	EXTI2_IRQHandler
 154 0064 00000000 		.word	EXTI3_IRQHandler
 155 0068 00000000 		.word	EXTI4_IRQHandler
 156 006c 00000000 		.word	DMA1_Channel1_IRQHandler
 157 0070 00000000 		.word	DMA1_Channel2_IRQHandler
 158 0074 00000000 		.word	DMA1_Channel3_IRQHandler
 159 0078 00000000 		.word	DMA1_Channel4_IRQHandler
 160 007c 00000000 		.word	DMA1_Channel5_IRQHandler
 161 0080 00000000 		.word	DMA1_Channel6_IRQHandler
 162 0084 00000000 		.word	DMA1_Channel7_IRQHandler
 163 0088 00000000 		.word	ADC1_IRQHandler
 164 008c 00000000 		.word	0
 165 0090 00000000 		.word	0
 166 0094 00000000 		.word	0
 167 0098 00000000 		.word	0
 168 009c 00000000 		.word	EXTI9_5_IRQHandler
 169 00a0 00000000 		.word	TIM1_BRK_TIM15_IRQHandler
 170 00a4 00000000 		.word	TIM1_UP_TIM16_IRQHandler
 171 00a8 00000000 		.word	TIM1_TRG_COM_TIM17_IRQHandler
 172 00ac 00000000 		.word	TIM1_CC_IRQHandler
 173 00b0 00000000 		.word	TIM2_IRQHandler
 174 00b4 00000000 		.word	TIM3_IRQHandler
 175 00b8 00000000 		.word	TIM4_IRQHandler
 176 00bc 00000000 		.word	I2C1_EV_IRQHandler
 177 00c0 00000000 		.word	I2C1_ER_IRQHandler
 178 00c4 00000000 		.word	I2C2_EV_IRQHandler
 179 00c8 00000000 		.word	I2C2_ER_IRQHandler
 180 00cc 00000000 		.word	SPI1_IRQHandler
 181 00d0 00000000 		.word	SPI2_IRQHandler
 182 00d4 00000000 		.word	USART1_IRQHandler
 183 00d8 00000000 		.word	USART2_IRQHandler
 184 00dc 00000000 		.word	USART3_IRQHandler
 185 00e0 00000000 		.word	EXTI15_10_IRQHandler
 186 00e4 00000000 		.word	RTCAlarm_IRQHandler
 187 00e8 00000000 		.word	CEC_IRQHandler
 188 00ec 00000000 		.word	0
 189 00f0 00000000 		.word	0
 190 00f4 00000000 		.word	0
 191 00f8 00000000 		.word	0
 192 00fc 00000000 		.word	0
 193 0100 00000000 		.word	0
 194 0104 00000000 		.word	0
 195 0108 00000000 		.word 0  
 196 010c 00000000 		.word 0
 197 0110 00000000 		.word 0
 198 0114 00000000 		.word 0
 199 0118 00000000 		.word TIM6_DAC_IRQHandler
 200 011c 00000000 		.word TIM7_IRQHandler  
 201 0120 00000000 		.word 0
 202 0124 00000000 		.word 0
 203 0128 00000000 		.word 0
 204 012c 00000000 		.word 0
 205 0130 00000000 		.word 0
 206 0134 00000000 		.word 0
 207 0138 00000000 		.word 0
 208 013c 00000000 		.word 0
 209 0140 00000000 		.word 0
 210 0144 00000000 		.word 0
 211 0148 00000000 		.word 0
 212 014c 00000000 		.word 0
 213 0150 00000000 		.word 0
 214 0154 00000000 		.word 0
 215 0158 00000000 		.word 0
 216 015c 00000000 		.word 0
 217 0160 00000000 		.word 0
 218 0164 00000000 		.word 0
 219 0168 00000000 		.word 0
 220 016c 00000000 		.word 0
 221 0170 00000000 		.word 0
 222 0174 00000000 		.word 0
 223 0178 00000000 		.word 0
 224 017c 00000000 		.word 0
 225 0180 00000000 		.word 0
 226 0184 00000000 		.word 0
 227 0188 00000000 		.word 0
 228 018c 00000000 		.word 0
 229 0190 00000000 		.word 0
 230 0194 00000000 		.word 0
 231 0198 00000000 		.word 0
 232 019c 00000000 		.word 0
 233 01a0 00000000 		.word 0
 234 01a4 00000000 		.word 0
 235 01a8 00000000 		.word 0
 236 01ac 00000000 		.word 0
 237 01b0 00000000 		.word 0
 238 01b4 00000000 		.word 0
 239 01b8 00000000 		.word 0
 240 01bc 00000000 		.word 0
 241 01c0 00000000 		.word 0
 242 01c4 00000000 		.word 0
 243 01c8 00000000 		.word 0
 244 01cc 5FF808F1 		.word BootRAM          /* @0x01CC. This is for boot in RAM mode for 
 245              	                         STM32F10x Medium Value Line Density devices. */
 246              	
 247              	/*******************************************************************************
 248              	*
 249              	* Provide weak aliases for each Exception handler to the Default_Handler.
 250              	* As they are weak aliases, any function with the same name will override
 251              	* this definition.
 252              	*
 253              	*******************************************************************************/
 254              	
 255              	    
 256              	  .weak  NMI_Handler
 257              	  .thumb_set NMI_Handler,Default_Handler
 258              	  
 259              	  .weak  HardFault_Handler
 260              	  .thumb_set HardFault_Handler,Default_Handler
 261              	  
 262              	  .weak  MemManage_Handler
 263              	  .thumb_set MemManage_Handler,Default_Handler
 264              	  
 265              	  .weak  BusFault_Handler
 266              	  .thumb_set BusFault_Handler,Default_Handler
 267              	
 268              	  .weak  UsageFault_Handler
 269              	  .thumb_set UsageFault_Handler,Default_Handler
 270              	
 271              	  .weak  SVC_Handler
 272              	  .thumb_set SVC_Handler,Default_Handler
 273              	
 274              	  .weak  DebugMon_Handler
 275              	  .thumb_set DebugMon_Handler,Default_Handler
 276              	
 277              	  .weak  PendSV_Handler
 278              	  .thumb_set PendSV_Handler,Default_Handler
 279              	
 280              	  .weak  SysTick_Handler
 281              	  .thumb_set SysTick_Handler,Default_Handler
 282              	
 283              	  .weak  WWDG_IRQHandler
 284              	  .thumb_set WWDG_IRQHandler,Default_Handler
 285              	
 286              	  .weak  PVD_IRQHandler
 287              	  .thumb_set PVD_IRQHandler,Default_Handler
 288              	
 289              	  .weak  TAMPER_IRQHandler
 290              	  .thumb_set TAMPER_IRQHandler,Default_Handler
 291              	
 292              	  .weak  RTC_IRQHandler
 293              	  .thumb_set RTC_IRQHandler,Default_Handler
 294              	
 295              	  .weak  FLASH_IRQHandler
 296              	  .thumb_set FLASH_IRQHandler,Default_Handler
 297              	
 298              	  .weak  RCC_IRQHandler
 299              	  .thumb_set RCC_IRQHandler,Default_Handler
 300              	
 301              	  .weak  EXTI0_IRQHandler
 302              	  .thumb_set EXTI0_IRQHandler,Default_Handler
 303              	
 304              	  .weak  EXTI1_IRQHandler
 305              	  .thumb_set EXTI1_IRQHandler,Default_Handler
 306              	
 307              	  .weak  EXTI2_IRQHandler
 308              	  .thumb_set EXTI2_IRQHandler,Default_Handler
 309              	
 310              	  .weak  EXTI3_IRQHandler
 311              	  .thumb_set EXTI3_IRQHandler,Default_Handler
 312              	
 313              	  .weak  EXTI4_IRQHandler
 314              	  .thumb_set EXTI4_IRQHandler,Default_Handler
 315              	
 316              	  .weak  DMA1_Channel1_IRQHandler
 317              	  .thumb_set DMA1_Channel1_IRQHandler,Default_Handler
 318              	
 319              	  .weak  DMA1_Channel2_IRQHandler
 320              	  .thumb_set DMA1_Channel2_IRQHandler,Default_Handler
 321              	
 322              	  .weak  DMA1_Channel3_IRQHandler
 323              	  .thumb_set DMA1_Channel3_IRQHandler,Default_Handler
 324              	
 325              	  .weak  DMA1_Channel4_IRQHandler
 326              	  .thumb_set DMA1_Channel4_IRQHandler,Default_Handler
 327              	
 328              	  .weak  DMA1_Channel5_IRQHandler
 329              	  .thumb_set DMA1_Channel5_IRQHandler,Default_Handler
 330              	
 331              	  .weak  DMA1_Channel6_IRQHandler
 332              	  .thumb_set DMA1_Channel6_IRQHandler,Default_Handler
 333              	
 334              	  .weak  DMA1_Channel7_IRQHandler
 335              	  .thumb_set DMA1_Channel7_IRQHandler,Default_Handler
 336              	
 337              	  .weak  ADC1_IRQHandler
 338              	  .thumb_set ADC1_IRQHandler,Default_Handler
 339              	
 340              	  .weak  EXTI9_5_IRQHandler
 341              	  .thumb_set EXTI9_5_IRQHandler,Default_Handler
 342              	
 343              	  .weak  TIM1_BRK_TIM15_IRQHandler
 344              	  .thumb_set TIM1_BRK_TIM15_IRQHandler,Default_Handler
 345              	
 346              	  .weak  TIM1_UP_TIM16_IRQHandler
 347              	  .thumb_set TIM1_UP_TIM16_IRQHandler,Default_Handler
 348              	
 349              	  .weak  TIM1_TRG_COM_TIM17_IRQHandler
 350              	  .thumb_set TIM1_TRG_COM_TIM17_IRQHandler,Default_Handler
 351              	
 352              	  .weak  TIM1_CC_IRQHandler
 353              	  .thumb_set TIM1_CC_IRQHandler,Default_Handler
 354              	
 355              	  .weak  TIM2_IRQHandler
 356              	  .thumb_set TIM2_IRQHandler,Default_Handler
 357              	
 358              	  .weak  TIM3_IRQHandler
 359              	  .thumb_set TIM3_IRQHandler,Default_Handler
 360              	
 361              	  .weak  TIM4_IRQHandler
 362              	  .thumb_set TIM4_IRQHandler,Default_Handler
 363              	
 364              	  .weak  I2C1_EV_IRQHandler
 365              	  .thumb_set I2C1_EV_IRQHandler,Default_Handler
 366              	
 367              	  .weak  I2C1_ER_IRQHandler
 368              	  .thumb_set I2C1_ER_IRQHandler,Default_Handler
 369              	
 370              	  .weak  I2C2_EV_IRQHandler
 371              	  .thumb_set I2C2_EV_IRQHandler,Default_Handler
 372              	
 373              	  .weak  I2C2_ER_IRQHandler
 374              	  .thumb_set I2C2_ER_IRQHandler,Default_Handler
 375              	
 376              	  .weak  SPI1_IRQHandler
 377              	  .thumb_set SPI1_IRQHandler,Default_Handler
 378              	
 379              	  .weak  SPI2_IRQHandler
 380              	  .thumb_set SPI2_IRQHandler,Default_Handler
 381              	
 382              	  .weak  USART1_IRQHandler
 383              	  .thumb_set USART1_IRQHandler,Default_Handler
 384              	
 385              	  .weak  USART2_IRQHandler
 386              	  .thumb_set USART2_IRQHandler,Default_Handler
 387              	
 388              	  .weak  USART3_IRQHandler
 389              	  .thumb_set USART3_IRQHandler,Default_Handler
 390              	
 391              	  .weak  EXTI15_10_IRQHandler
 392              	  .thumb_set EXTI15_10_IRQHandler,Default_Handler
 393              	
 394              	  .weak  RTCAlarm_IRQHandler
 395              	  .thumb_set RTCAlarm_IRQHandler,Default_Handler
 396              	
 397              	  .weak  CEC_IRQHandler
 398              	  .thumb_set CEC_IRQHandler,Default_Handler
 399              	
 400              	  .weak  TIM6_DAC_IRQHandler
 401              	  .thumb_set TIM6_DAC_IRQHandler,Default_Handler
 402              	
 403              	  .weak  TIM7_IRQHandler
 404              	  .thumb_set TIM7_IRQHandler,Default_Handler  
DEFINED SYMBOLS
../stm32_lib/startup_stm32f10x_md_vl.S:128    .isr_vector:00000000 g_pfnVectors
../stm32_lib/startup_stm32f10x_md_vl.S:112    .text.Default_Handler:00000000 Default_Handler
../stm32_lib/startup_stm32f10x_md_vl.S:51     *ABS*:f108f85f BootRAM
../stm32_lib/startup_stm32f10x_md_vl.S:64     .text.Reset_Handler:00000000 Reset_Handler
../stm32_lib/startup_stm32f10x_md_vl.S:67     .text.Reset_Handler:00000000 $t
../stm32_lib/startup_stm32f10x_md_vl.S:76     .text.Reset_Handler:0000000e LoopCopyDataInit
../stm32_lib/startup_stm32f10x_md_vl.S:70     .text.Reset_Handler:00000006 CopyDataInit
../stm32_lib/startup_stm32f10x_md_vl.S:89     .text.Reset_Handler:00000026 LoopFillZerobss
../stm32_lib/startup_stm32f10x_md_vl.S:85     .text.Reset_Handler:00000020 FillZerobss
../stm32_lib/startup_stm32f10x_md_vl.S:113    .text.Default_Handler:00000000 Infinite_Loop
../stm32_lib/startup_stm32f10x_md_vl.S:114    .text.Default_Handler:00000000 $t
../stm32_lib/startup_stm32f10x_md_vl.S:112    .text.Default_Handler:00000000 NMI_Handler
../stm32_lib/startup_stm32f10x_md_vl.S:112    .text.Default_Handler:00000000 HardFault_Handler
../stm32_lib/startup_stm32f10x_md_vl.S:112    .text.Default_Handler:00000000 MemManage_Handler
../stm32_lib/startup_stm32f10x_md_vl.S:112    .text.Default_Handler:00000000 BusFault_Handler
../stm32_lib/startup_stm32f10x_md_vl.S:112    .text.Default_Handler:00000000 UsageFault_Handler
../stm32_lib/startup_stm32f10x_md_vl.S:112    .text.Default_Handler:00000000 SVC_Handler
../stm32_lib/startup_stm32f10x_md_vl.S:112    .text.Default_Handler:00000000 DebugMon_Handler
../stm32_lib/startup_stm32f10x_md_vl.S:112    .text.Default_Handler:00000000 PendSV_Handler
../stm32_lib/startup_stm32f10x_md_vl.S:112    .text.Default_Handler:00000000 SysTick_Handler
../stm32_lib/startup_stm32f10x_md_vl.S:112    .text.Default_Handler:00000000 WWDG_IRQHandler
../stm32_lib/startup_stm32f10x_md_vl.S:112    .text.Default_Handler:00000000 PVD_IRQHandler
../stm32_lib/startup_stm32f10x_md_vl.S:112    .text.Default_Handler:00000000 TAMPER_IRQHandler
../stm32_lib/startup_stm32f10x_md_vl.S:112    .text.Default_Handler:00000000 RTC_IRQHandler
../stm32_lib/startup_stm32f10x_md_vl.S:112    .text.Default_Handler:00000000 FLASH_IRQHandler
../stm32_lib/startup_stm32f10x_md_vl.S:112    .text.Default_Handler:00000000 RCC_IRQHandler
../stm32_lib/startup_stm32f10x_md_vl.S:112    .text.Default_Handler:00000000 EXTI0_IRQHandler
../stm32_lib/startup_stm32f10x_md_vl.S:112    .text.Default_Handler:00000000 EXTI1_IRQHandler
../stm32_lib/startup_stm32f10x_md_vl.S:112    .text.Default_Handler:00000000 EXTI2_IRQHandler
../stm32_lib/startup_stm32f10x_md_vl.S:112    .text.Default_Handler:00000000 EXTI3_IRQHandler
../stm32_lib/startup_stm32f10x_md_vl.S:112    .text.Default_Handler:00000000 EXTI4_IRQHandler
../stm32_lib/startup_stm32f10x_md_vl.S:112    .text.Default_Handler:00000000 DMA1_Channel1_IRQHandler
../stm32_lib/startup_stm32f10x_md_vl.S:112    .text.Default_Handler:00000000 DMA1_Channel2_IRQHandler
../stm32_lib/startup_stm32f10x_md_vl.S:112    .text.Default_Handler:00000000 DMA1_Channel3_IRQHandler
../stm32_lib/startup_stm32f10x_md_vl.S:112    .text.Default_Handler:00000000 DMA1_Channel4_IRQHandler
../stm32_lib/startup_stm32f10x_md_vl.S:112    .text.Default_Handler:00000000 DMA1_Channel5_IRQHandler
../stm32_lib/startup_stm32f10x_md_vl.S:112    .text.Default_Handler:00000000 DMA1_Channel6_IRQHandler
../stm32_lib/startup_stm32f10x_md_vl.S:112    .text.Default_Handler:00000000 DMA1_Channel7_IRQHandler
../stm32_lib/startup_stm32f10x_md_vl.S:112    .text.Default_Handler:00000000 ADC1_IRQHandler
../stm32_lib/startup_stm32f10x_md_vl.S:112    .text.Default_Handler:00000000 EXTI9_5_IRQHandler
../stm32_lib/startup_stm32f10x_md_vl.S:112    .text.Default_Handler:00000000 TIM1_BRK_TIM15_IRQHandler
../stm32_lib/startup_stm32f10x_md_vl.S:112    .text.Default_Handler:00000000 TIM1_UP_TIM16_IRQHandler
../stm32_lib/startup_stm32f10x_md_vl.S:112    .text.Default_Handler:00000000 TIM1_TRG_COM_TIM17_IRQHandler
../stm32_lib/startup_stm32f10x_md_vl.S:112    .text.Default_Handler:00000000 TIM1_CC_IRQHandler
../stm32_lib/startup_stm32f10x_md_vl.S:112    .text.Default_Handler:00000000 TIM2_IRQHandler
../stm32_lib/startup_stm32f10x_md_vl.S:112    .text.Default_Handler:00000000 TIM3_IRQHandler
../stm32_lib/startup_stm32f10x_md_vl.S:112    .text.Default_Handler:00000000 TIM4_IRQHandler
../stm32_lib/startup_stm32f10x_md_vl.S:112    .text.Default_Handler:00000000 I2C1_EV_IRQHandler
../stm32_lib/startup_stm32f10x_md_vl.S:112    .text.Default_Handler:00000000 I2C1_ER_IRQHandler
../stm32_lib/startup_stm32f10x_md_vl.S:112    .text.Default_Handler:00000000 I2C2_EV_IRQHandler
../stm32_lib/startup_stm32f10x_md_vl.S:112    .text.Default_Handler:00000000 I2C2_ER_IRQHandler
../stm32_lib/startup_stm32f10x_md_vl.S:112    .text.Default_Handler:00000000 SPI1_IRQHandler
../stm32_lib/startup_stm32f10x_md_vl.S:112    .text.Default_Handler:00000000 SPI2_IRQHandler
../stm32_lib/startup_stm32f10x_md_vl.S:112    .text.Default_Handler:00000000 USART1_IRQHandler
../stm32_lib/startup_stm32f10x_md_vl.S:112    .text.Default_Handler:00000000 USART2_IRQHandler
../stm32_lib/startup_stm32f10x_md_vl.S:112    .text.Default_Handler:00000000 USART3_IRQHandler
../stm32_lib/startup_stm32f10x_md_vl.S:112    .text.Default_Handler:00000000 EXTI15_10_IRQHandler
../stm32_lib/startup_stm32f10x_md_vl.S:112    .text.Default_Handler:00000000 RTCAlarm_IRQHandler
../stm32_lib/startup_stm32f10x_md_vl.S:112    .text.Default_Handler:00000000 CEC_IRQHandler
../stm32_lib/startup_stm32f10x_md_vl.S:112    .text.Default_Handler:00000000 TIM6_DAC_IRQHandler
../stm32_lib/startup_stm32f10x_md_vl.S:112    .text.Default_Handler:00000000 TIM7_IRQHandler
../stm32_lib/startup_stm32f10x_md_vl.S:111    .text.Reset_Handler:0000003c $d
                   .debug_aranges:0000000c $d

UNDEFINED SYMBOLS
SystemInit_ExtMemCtl_Dummy
_sidata
_sdata
_edata
_sbss
_ebss
SystemInit
__libc_init_array
main
_estack
