   1              		.syntax unified
   2              		.cpu cortex-m4
   3              		.fpu softvfp
   4              		.eabi_attribute 20, 1
   5              		.eabi_attribute 21, 1
   6              		.eabi_attribute 23, 3
   7              		.eabi_attribute 24, 1
   8              		.eabi_attribute 25, 1
   9              		.eabi_attribute 26, 1
  10              		.eabi_attribute 30, 6
  11              		.eabi_attribute 34, 1
  12              		.eabi_attribute 18, 4
  13              		.thumb
  14              		.file	"misc.c"
  15              		.text
  16              	.Ltext0:
  17              		.cfi_sections	.debug_frame
  18              		.align	2
  19              		.global	NVIC_PriorityGroupConfig
  20              		.thumb
  21              		.thumb_func
  23              	NVIC_PriorityGroupConfig:
  24              	.LFB29:
  25              		.file 1 "../stm32_lib/src/misc.c"
   1:../stm32_lib/src/misc.c **** /**
   2:../stm32_lib/src/misc.c ****   ******************************************************************************
   3:../stm32_lib/src/misc.c ****   * @file    misc.c
   4:../stm32_lib/src/misc.c ****   * @author  MCD Application Team
   5:../stm32_lib/src/misc.c ****   * @version V3.3.0
   6:../stm32_lib/src/misc.c ****   * @date    04/16/2010
   7:../stm32_lib/src/misc.c ****   * @brief   This file provides all the miscellaneous firmware functions (add-on
   8:../stm32_lib/src/misc.c ****   *          to CMSIS functions).
   9:../stm32_lib/src/misc.c ****   ******************************************************************************
  10:../stm32_lib/src/misc.c ****   * @copy
  11:../stm32_lib/src/misc.c ****   *
  12:../stm32_lib/src/misc.c ****   * THE PRESENT FIRMWARE WHICH IS FOR GUIDANCE ONLY AIMS AT PROVIDING CUSTOMERS
  13:../stm32_lib/src/misc.c ****   * WITH CODING INFORMATION REGARDING THEIR PRODUCTS IN ORDER FOR THEM TO SAVE
  14:../stm32_lib/src/misc.c ****   * TIME. AS A RESULT, STMICROELECTRONICS SHALL NOT BE HELD LIABLE FOR ANY
  15:../stm32_lib/src/misc.c ****   * DIRECT, INDIRECT OR CONSEQUENTIAL DAMAGES WITH RESPECT TO ANY CLAIMS ARISING
  16:../stm32_lib/src/misc.c ****   * FROM THE CONTENT OF SUCH FIRMWARE AND/OR THE USE MADE BY CUSTOMERS OF THE
  17:../stm32_lib/src/misc.c ****   * CODING INFORMATION CONTAINED HEREIN IN CONNECTION WITH THEIR PRODUCTS.
  18:../stm32_lib/src/misc.c ****   *
  19:../stm32_lib/src/misc.c ****   * <h2><center>&copy; COPYRIGHT 2010 STMicroelectronics</center></h2>
  20:../stm32_lib/src/misc.c ****   */ 
  21:../stm32_lib/src/misc.c **** 
  22:../stm32_lib/src/misc.c **** /* Includes ------------------------------------------------------------------*/
  23:../stm32_lib/src/misc.c **** #include "misc.h"
  24:../stm32_lib/src/misc.c **** 
  25:../stm32_lib/src/misc.c **** /** @addtogroup STM32F10x_StdPeriph_Driver
  26:../stm32_lib/src/misc.c ****   * @{
  27:../stm32_lib/src/misc.c ****   */
  28:../stm32_lib/src/misc.c **** 
  29:../stm32_lib/src/misc.c **** /** @defgroup MISC 
  30:../stm32_lib/src/misc.c ****   * @brief MISC driver modules
  31:../stm32_lib/src/misc.c ****   * @{
  32:../stm32_lib/src/misc.c ****   */
  33:../stm32_lib/src/misc.c **** 
  34:../stm32_lib/src/misc.c **** /** @defgroup MISC_Private_TypesDefinitions
  35:../stm32_lib/src/misc.c ****   * @{
  36:../stm32_lib/src/misc.c ****   */
  37:../stm32_lib/src/misc.c **** 
  38:../stm32_lib/src/misc.c **** /**
  39:../stm32_lib/src/misc.c ****   * @}
  40:../stm32_lib/src/misc.c ****   */ 
  41:../stm32_lib/src/misc.c **** 
  42:../stm32_lib/src/misc.c **** /** @defgroup MISC_Private_Defines
  43:../stm32_lib/src/misc.c ****   * @{
  44:../stm32_lib/src/misc.c ****   */
  45:../stm32_lib/src/misc.c **** 
  46:../stm32_lib/src/misc.c **** #define AIRCR_VECTKEY_MASK    ((uint32_t)0x05FA0000)
  47:../stm32_lib/src/misc.c **** /**
  48:../stm32_lib/src/misc.c ****   * @}
  49:../stm32_lib/src/misc.c ****   */
  50:../stm32_lib/src/misc.c **** 
  51:../stm32_lib/src/misc.c **** /** @defgroup MISC_Private_Macros
  52:../stm32_lib/src/misc.c ****   * @{
  53:../stm32_lib/src/misc.c ****   */
  54:../stm32_lib/src/misc.c **** 
  55:../stm32_lib/src/misc.c **** /**
  56:../stm32_lib/src/misc.c ****   * @}
  57:../stm32_lib/src/misc.c ****   */
  58:../stm32_lib/src/misc.c **** 
  59:../stm32_lib/src/misc.c **** /** @defgroup MISC_Private_Variables
  60:../stm32_lib/src/misc.c ****   * @{
  61:../stm32_lib/src/misc.c ****   */
  62:../stm32_lib/src/misc.c **** 
  63:../stm32_lib/src/misc.c **** /**
  64:../stm32_lib/src/misc.c ****   * @}
  65:../stm32_lib/src/misc.c ****   */
  66:../stm32_lib/src/misc.c **** 
  67:../stm32_lib/src/misc.c **** /** @defgroup MISC_Private_FunctionPrototypes
  68:../stm32_lib/src/misc.c ****   * @{
  69:../stm32_lib/src/misc.c ****   */
  70:../stm32_lib/src/misc.c **** 
  71:../stm32_lib/src/misc.c **** /**
  72:../stm32_lib/src/misc.c ****   * @}
  73:../stm32_lib/src/misc.c ****   */
  74:../stm32_lib/src/misc.c **** 
  75:../stm32_lib/src/misc.c **** /** @defgroup MISC_Private_Functions
  76:../stm32_lib/src/misc.c ****   * @{
  77:../stm32_lib/src/misc.c ****   */
  78:../stm32_lib/src/misc.c **** 
  79:../stm32_lib/src/misc.c **** /**
  80:../stm32_lib/src/misc.c ****   * @brief  Configures the priority grouping: pre-emption priority and subpriority.
  81:../stm32_lib/src/misc.c ****   * @param  NVIC_PriorityGroup: specifies the priority grouping bits length. 
  82:../stm32_lib/src/misc.c ****   *   This parameter can be one of the following values:
  83:../stm32_lib/src/misc.c ****   *     @arg NVIC_PriorityGroup_0: 0 bits for pre-emption priority
  84:../stm32_lib/src/misc.c ****   *                                4 bits for subpriority
  85:../stm32_lib/src/misc.c ****   *     @arg NVIC_PriorityGroup_1: 1 bits for pre-emption priority
  86:../stm32_lib/src/misc.c ****   *                                3 bits for subpriority
  87:../stm32_lib/src/misc.c ****   *     @arg NVIC_PriorityGroup_2: 2 bits for pre-emption priority
  88:../stm32_lib/src/misc.c ****   *                                2 bits for subpriority
  89:../stm32_lib/src/misc.c ****   *     @arg NVIC_PriorityGroup_3: 3 bits for pre-emption priority
  90:../stm32_lib/src/misc.c ****   *                                1 bits for subpriority
  91:../stm32_lib/src/misc.c ****   *     @arg NVIC_PriorityGroup_4: 4 bits for pre-emption priority
  92:../stm32_lib/src/misc.c ****   *                                0 bits for subpriority
  93:../stm32_lib/src/misc.c ****   * @retval None
  94:../stm32_lib/src/misc.c ****   */
  95:../stm32_lib/src/misc.c **** void NVIC_PriorityGroupConfig(uint32_t NVIC_PriorityGroup)
  96:../stm32_lib/src/misc.c **** {
  26              		.loc 1 96 0
  27              		.cfi_startproc
  28              		@ args = 0, pretend = 0, frame = 8
  29              		@ frame_needed = 1, uses_anonymous_args = 0
  30              		@ link register save eliminated.
  31 0000 80B4     		push	{r7}
  32              	.LCFI0:
  33              		.cfi_def_cfa_offset 4
  34              		.cfi_offset 7, -4
  35 0002 83B0     		sub	sp, sp, #12
  36              	.LCFI1:
  37              		.cfi_def_cfa_offset 16
  38 0004 00AF     		add	r7, sp, #0
  39              	.LCFI2:
  40              		.cfi_def_cfa_register 7
  41 0006 7860     		str	r0, [r7, #4]
  97:../stm32_lib/src/misc.c ****   /* Check the parameters */
  98:../stm32_lib/src/misc.c ****   assert_param(IS_NVIC_PRIORITY_GROUP(NVIC_PriorityGroup));
  99:../stm32_lib/src/misc.c ****   
 100:../stm32_lib/src/misc.c ****   /* Set the PRIGROUP[10:8] bits according to NVIC_PriorityGroup value */
 101:../stm32_lib/src/misc.c ****   SCB->AIRCR = AIRCR_VECTKEY_MASK | NVIC_PriorityGroup;
  42              		.loc 1 101 0
  43 0008 4FF46D43 		mov	r3, #60672
  44 000c CEF20003 		movt	r3, 57344
  45 0010 7A68     		ldr	r2, [r7, #4]
  46 0012 42F0BE62 		orr	r2, r2, #99614720
  47 0016 42F42022 		orr	r2, r2, #655360
  48 001a DA60     		str	r2, [r3, #12]
 102:../stm32_lib/src/misc.c **** }
  49              		.loc 1 102 0
  50 001c 07F10C07 		add	r7, r7, #12
  51 0020 BD46     		mov	sp, r7
  52 0022 80BC     		pop	{r7}
  53 0024 7047     		bx	lr
  54              		.cfi_endproc
  55              	.LFE29:
  57 0026 00BF     		.align	2
  58              		.global	NVIC_Init
  59              		.thumb
  60              		.thumb_func
  62              	NVIC_Init:
  63              	.LFB30:
 103:../stm32_lib/src/misc.c **** 
 104:../stm32_lib/src/misc.c **** /**
 105:../stm32_lib/src/misc.c ****   * @brief  Initializes the NVIC peripheral according to the specified
 106:../stm32_lib/src/misc.c ****   *   parameters in the NVIC_InitStruct.
 107:../stm32_lib/src/misc.c ****   * @param  NVIC_InitStruct: pointer to a NVIC_InitTypeDef structure that contains
 108:../stm32_lib/src/misc.c ****   *   the configuration information for the specified NVIC peripheral.
 109:../stm32_lib/src/misc.c ****   * @retval None
 110:../stm32_lib/src/misc.c ****   */
 111:../stm32_lib/src/misc.c **** void NVIC_Init(NVIC_InitTypeDef* NVIC_InitStruct)
 112:../stm32_lib/src/misc.c **** {
  64              		.loc 1 112 0
  65              		.cfi_startproc
  66              		@ args = 0, pretend = 0, frame = 24
  67              		@ frame_needed = 1, uses_anonymous_args = 0
  68              		@ link register save eliminated.
  69 0028 80B4     		push	{r7}
  70              	.LCFI3:
  71              		.cfi_def_cfa_offset 4
  72              		.cfi_offset 7, -4
  73 002a 87B0     		sub	sp, sp, #28
  74              	.LCFI4:
  75              		.cfi_def_cfa_offset 32
  76 002c 00AF     		add	r7, sp, #0
  77              	.LCFI5:
  78              		.cfi_def_cfa_register 7
  79 002e 7860     		str	r0, [r7, #4]
 113:../stm32_lib/src/misc.c ****   uint32_t tmppriority = 0x00, tmppre = 0x00, tmpsub = 0x0F;
  80              		.loc 1 113 0
  81 0030 4FF00003 		mov	r3, #0
  82 0034 7B61     		str	r3, [r7, #20]
  83 0036 4FF00003 		mov	r3, #0
  84 003a 3B61     		str	r3, [r7, #16]
  85 003c 4FF00F03 		mov	r3, #15
  86 0040 FB60     		str	r3, [r7, #12]
 114:../stm32_lib/src/misc.c ****   
 115:../stm32_lib/src/misc.c ****   /* Check the parameters */
 116:../stm32_lib/src/misc.c ****   assert_param(IS_FUNCTIONAL_STATE(NVIC_InitStruct->NVIC_IRQChannelCmd));
 117:../stm32_lib/src/misc.c ****   assert_param(IS_NVIC_PREEMPTION_PRIORITY(NVIC_InitStruct->NVIC_IRQChannelPreemptionPriority));  
 118:../stm32_lib/src/misc.c ****   assert_param(IS_NVIC_SUB_PRIORITY(NVIC_InitStruct->NVIC_IRQChannelSubPriority));
 119:../stm32_lib/src/misc.c ****     
 120:../stm32_lib/src/misc.c ****   if (NVIC_InitStruct->NVIC_IRQChannelCmd != DISABLE)
  87              		.loc 1 120 0
  88 0042 7B68     		ldr	r3, [r7, #4]
  89 0044 DB78     		ldrb	r3, [r3, #3]	@ zero_extendqisi2
  90 0046 002B     		cmp	r3, #0
  91 0048 47D0     		beq	.L3
 121:../stm32_lib/src/misc.c ****   {
 122:../stm32_lib/src/misc.c ****     /* Compute the Corresponding IRQ Priority --------------------------------*/    
 123:../stm32_lib/src/misc.c ****     tmppriority = (0x700 - ((SCB->AIRCR) & (uint32_t)0x700))>> 0x08;
  92              		.loc 1 123 0
  93 004a 4FF46D43 		mov	r3, #60672
  94 004e CEF20003 		movt	r3, 57344
  95 0052 DB68     		ldr	r3, [r3, #12]
  96 0054 6FEA0303 		mvn	r3, r3
  97 0058 03F4E063 		and	r3, r3, #1792
  98 005c 4FEA1323 		lsr	r3, r3, #8
  99 0060 7B61     		str	r3, [r7, #20]
 124:../stm32_lib/src/misc.c ****     tmppre = (0x4 - tmppriority);
 100              		.loc 1 124 0
 101 0062 7B69     		ldr	r3, [r7, #20]
 102 0064 C3F10403 		rsb	r3, r3, #4
 103 0068 3B61     		str	r3, [r7, #16]
 125:../stm32_lib/src/misc.c ****     tmpsub = tmpsub >> tmppriority;
 104              		.loc 1 125 0
 105 006a 7B69     		ldr	r3, [r7, #20]
 106 006c FA68     		ldr	r2, [r7, #12]
 107 006e 22FA03F3 		lsr	r3, r2, r3
 108 0072 FB60     		str	r3, [r7, #12]
 126:../stm32_lib/src/misc.c **** 
 127:../stm32_lib/src/misc.c ****     tmppriority = (uint32_t)NVIC_InitStruct->NVIC_IRQChannelPreemptionPriority << tmppre;
 109              		.loc 1 127 0
 110 0074 7B68     		ldr	r3, [r7, #4]
 111 0076 5B78     		ldrb	r3, [r3, #1]	@ zero_extendqisi2
 112 0078 1A46     		mov	r2, r3
 113 007a 3B69     		ldr	r3, [r7, #16]
 114 007c 02FA03F3 		lsl	r3, r2, r3
 115 0080 7B61     		str	r3, [r7, #20]
 128:../stm32_lib/src/misc.c ****     tmppriority |=  NVIC_InitStruct->NVIC_IRQChannelSubPriority & tmpsub;
 116              		.loc 1 128 0
 117 0082 7B68     		ldr	r3, [r7, #4]
 118 0084 9B78     		ldrb	r3, [r3, #2]	@ zero_extendqisi2
 119 0086 1A46     		mov	r2, r3
 120 0088 FB68     		ldr	r3, [r7, #12]
 121 008a 1340     		ands	r3, r3, r2
 122 008c 7A69     		ldr	r2, [r7, #20]
 123 008e 1343     		orrs	r3, r3, r2
 124 0090 7B61     		str	r3, [r7, #20]
 129:../stm32_lib/src/misc.c ****     tmppriority = tmppriority << 0x04;
 125              		.loc 1 129 0
 126 0092 7B69     		ldr	r3, [r7, #20]
 127 0094 4FEA0313 		lsl	r3, r3, #4
 128 0098 7B61     		str	r3, [r7, #20]
 130:../stm32_lib/src/misc.c ****         
 131:../stm32_lib/src/misc.c ****     NVIC->IP[NVIC_InitStruct->NVIC_IRQChannel] = tmppriority;
 129              		.loc 1 131 0
 130 009a 4FF46143 		mov	r3, #57600
 131 009e CEF20003 		movt	r3, 57344
 132 00a2 7A68     		ldr	r2, [r7, #4]
 133 00a4 1278     		ldrb	r2, [r2, #0]	@ zero_extendqisi2
 134 00a6 1146     		mov	r1, r2
 135 00a8 7A69     		ldr	r2, [r7, #20]
 136 00aa D2B2     		uxtb	r2, r2
 137 00ac 5B18     		adds	r3, r3, r1
 138 00ae 83F80023 		strb	r2, [r3, #768]
 132:../stm32_lib/src/misc.c ****     
 133:../stm32_lib/src/misc.c ****     /* Enable the Selected IRQ Channels --------------------------------------*/
 134:../stm32_lib/src/misc.c ****     NVIC->ISER[NVIC_InitStruct->NVIC_IRQChannel >> 0x05] =
 139              		.loc 1 134 0
 140 00b2 4FF46143 		mov	r3, #57600
 141 00b6 CEF20003 		movt	r3, 57344
 142 00ba 7A68     		ldr	r2, [r7, #4]
 143 00bc 1278     		ldrb	r2, [r2, #0]	@ zero_extendqisi2
 144 00be 4FEA5212 		lsr	r2, r2, #5
 145 00c2 D2B2     		uxtb	r2, r2
 135:../stm32_lib/src/misc.c ****       (uint32_t)0x01 << (NVIC_InitStruct->NVIC_IRQChannel & (uint8_t)0x1F);
 146              		.loc 1 135 0
 147 00c4 7968     		ldr	r1, [r7, #4]
 148 00c6 0978     		ldrb	r1, [r1, #0]	@ zero_extendqisi2
 149 00c8 01F01F01 		and	r1, r1, #31
 150 00cc 4FF00100 		mov	r0, #1
 151 00d0 00FA01F1 		lsl	r1, r0, r1
 134:../stm32_lib/src/misc.c ****     NVIC->ISER[NVIC_InitStruct->NVIC_IRQChannel >> 0x05] =
 152              		.loc 1 134 0
 153 00d4 43F82210 		str	r1, [r3, r2, lsl #2]
 154 00d8 14E0     		b	.L2
 155              	.L3:
 136:../stm32_lib/src/misc.c ****   }
 137:../stm32_lib/src/misc.c ****   else
 138:../stm32_lib/src/misc.c ****   {
 139:../stm32_lib/src/misc.c ****     /* Disable the Selected IRQ Channels -------------------------------------*/
 140:../stm32_lib/src/misc.c ****     NVIC->ICER[NVIC_InitStruct->NVIC_IRQChannel >> 0x05] =
 156              		.loc 1 140 0
 157 00da 4FF46143 		mov	r3, #57600
 158 00de CEF20003 		movt	r3, 57344
 159 00e2 7A68     		ldr	r2, [r7, #4]
 160 00e4 1278     		ldrb	r2, [r2, #0]	@ zero_extendqisi2
 161 00e6 4FEA5212 		lsr	r2, r2, #5
 162 00ea D2B2     		uxtb	r2, r2
 141:../stm32_lib/src/misc.c ****       (uint32_t)0x01 << (NVIC_InitStruct->NVIC_IRQChannel & (uint8_t)0x1F);
 163              		.loc 1 141 0
 164 00ec 7968     		ldr	r1, [r7, #4]
 165 00ee 0978     		ldrb	r1, [r1, #0]	@ zero_extendqisi2
 166 00f0 01F01F01 		and	r1, r1, #31
 167 00f4 4FF00100 		mov	r0, #1
 168 00f8 00FA01F1 		lsl	r1, r0, r1
 140:../stm32_lib/src/misc.c ****     NVIC->ICER[NVIC_InitStruct->NVIC_IRQChannel >> 0x05] =
 169              		.loc 1 140 0
 170 00fc 02F12002 		add	r2, r2, #32
 171 0100 43F82210 		str	r1, [r3, r2, lsl #2]
 172              	.L2:
 142:../stm32_lib/src/misc.c ****   }
 143:../stm32_lib/src/misc.c **** }
 173              		.loc 1 143 0
 174 0104 07F11C07 		add	r7, r7, #28
 175 0108 BD46     		mov	sp, r7
 176 010a 80BC     		pop	{r7}
 177 010c 7047     		bx	lr
 178              		.cfi_endproc
 179              	.LFE30:
 181 010e 00BF     		.align	2
 182              		.global	NVIC_SetVectorTable
 183              		.thumb
 184              		.thumb_func
 186              	NVIC_SetVectorTable:
 187              	.LFB31:
 144:../stm32_lib/src/misc.c **** 
 145:../stm32_lib/src/misc.c **** /**
 146:../stm32_lib/src/misc.c ****   * @brief  Sets the vector table location and Offset.
 147:../stm32_lib/src/misc.c ****   * @param  NVIC_VectTab: specifies if the vector table is in RAM or FLASH memory.
 148:../stm32_lib/src/misc.c ****   *   This parameter can be one of the following values:
 149:../stm32_lib/src/misc.c ****   *     @arg NVIC_VectTab_RAM
 150:../stm32_lib/src/misc.c ****   *     @arg NVIC_VectTab_FLASH
 151:../stm32_lib/src/misc.c ****   * @param  Offset: Vector Table base offset field. This value must be a multiple of 0x100.
 152:../stm32_lib/src/misc.c ****   * @retval None
 153:../stm32_lib/src/misc.c ****   */
 154:../stm32_lib/src/misc.c **** void NVIC_SetVectorTable(uint32_t NVIC_VectTab, uint32_t Offset)
 155:../stm32_lib/src/misc.c **** { 
 188              		.loc 1 155 0
 189              		.cfi_startproc
 190              		@ args = 0, pretend = 0, frame = 8
 191              		@ frame_needed = 1, uses_anonymous_args = 0
 192              		@ link register save eliminated.
 193 0110 80B4     		push	{r7}
 194              	.LCFI6:
 195              		.cfi_def_cfa_offset 4
 196              		.cfi_offset 7, -4
 197 0112 83B0     		sub	sp, sp, #12
 198              	.LCFI7:
 199              		.cfi_def_cfa_offset 16
 200 0114 00AF     		add	r7, sp, #0
 201              	.LCFI8:
 202              		.cfi_def_cfa_register 7
 203 0116 7860     		str	r0, [r7, #4]
 204 0118 3960     		str	r1, [r7, #0]
 156:../stm32_lib/src/misc.c ****   /* Check the parameters */
 157:../stm32_lib/src/misc.c ****   assert_param(IS_NVIC_VECTTAB(NVIC_VectTab));
 158:../stm32_lib/src/misc.c ****   assert_param(IS_NVIC_OFFSET(Offset));  
 159:../stm32_lib/src/misc.c ****    
 160:../stm32_lib/src/misc.c ****   SCB->VTOR = NVIC_VectTab | (Offset & (uint32_t)0x1FFFFF80);
 205              		.loc 1 160 0
 206 011a 4FF46D43 		mov	r3, #60672
 207 011e CEF20003 		movt	r3, 57344
 208 0122 3A68     		ldr	r2, [r7, #0]
 209 0124 22F06042 		bic	r2, r2, #-536870912
 210 0128 22F07F02 		bic	r2, r2, #127
 211 012c 7968     		ldr	r1, [r7, #4]
 212 012e 0A43     		orrs	r2, r2, r1
 213 0130 9A60     		str	r2, [r3, #8]
 161:../stm32_lib/src/misc.c **** }
 214              		.loc 1 161 0
 215 0132 07F10C07 		add	r7, r7, #12
 216 0136 BD46     		mov	sp, r7
 217 0138 80BC     		pop	{r7}
 218 013a 7047     		bx	lr
 219              		.cfi_endproc
 220              	.LFE31:
 222              		.align	2
 223              		.global	NVIC_SystemLPConfig
 224              		.thumb
 225              		.thumb_func
 227              	NVIC_SystemLPConfig:
 228              	.LFB32:
 162:../stm32_lib/src/misc.c **** 
 163:../stm32_lib/src/misc.c **** /**
 164:../stm32_lib/src/misc.c ****   * @brief  Selects the condition for the system to enter low power mode.
 165:../stm32_lib/src/misc.c ****   * @param  LowPowerMode: Specifies the new mode for the system to enter low power mode.
 166:../stm32_lib/src/misc.c ****   *   This parameter can be one of the following values:
 167:../stm32_lib/src/misc.c ****   *     @arg NVIC_LP_SEVONPEND
 168:../stm32_lib/src/misc.c ****   *     @arg NVIC_LP_SLEEPDEEP
 169:../stm32_lib/src/misc.c ****   *     @arg NVIC_LP_SLEEPONEXIT
 170:../stm32_lib/src/misc.c ****   * @param  NewState: new state of LP condition. This parameter can be: ENABLE or DISABLE.
 171:../stm32_lib/src/misc.c ****   * @retval None
 172:../stm32_lib/src/misc.c ****   */
 173:../stm32_lib/src/misc.c **** void NVIC_SystemLPConfig(uint8_t LowPowerMode, FunctionalState NewState)
 174:../stm32_lib/src/misc.c **** {
 229              		.loc 1 174 0
 230              		.cfi_startproc
 231              		@ args = 0, pretend = 0, frame = 8
 232              		@ frame_needed = 1, uses_anonymous_args = 0
 233              		@ link register save eliminated.
 234 013c 80B4     		push	{r7}
 235              	.LCFI9:
 236              		.cfi_def_cfa_offset 4
 237              		.cfi_offset 7, -4
 238 013e 83B0     		sub	sp, sp, #12
 239              	.LCFI10:
 240              		.cfi_def_cfa_offset 16
 241 0140 00AF     		add	r7, sp, #0
 242              	.LCFI11:
 243              		.cfi_def_cfa_register 7
 244 0142 0246     		mov	r2, r0
 245 0144 0B46     		mov	r3, r1
 246 0146 FA71     		strb	r2, [r7, #7]
 247 0148 BB71     		strb	r3, [r7, #6]
 175:../stm32_lib/src/misc.c ****   /* Check the parameters */
 176:../stm32_lib/src/misc.c ****   assert_param(IS_NVIC_LP(LowPowerMode));
 177:../stm32_lib/src/misc.c ****   assert_param(IS_FUNCTIONAL_STATE(NewState));  
 178:../stm32_lib/src/misc.c ****   
 179:../stm32_lib/src/misc.c ****   if (NewState != DISABLE)
 248              		.loc 1 179 0
 249 014a BB79     		ldrb	r3, [r7, #6]	@ zero_extendqisi2
 250 014c 002B     		cmp	r3, #0
 251 014e 0CD0     		beq	.L7
 180:../stm32_lib/src/misc.c ****   {
 181:../stm32_lib/src/misc.c ****     SCB->SCR |= LowPowerMode;
 252              		.loc 1 181 0
 253 0150 4FF46D43 		mov	r3, #60672
 254 0154 CEF20003 		movt	r3, 57344
 255 0158 4FF46D42 		mov	r2, #60672
 256 015c CEF20002 		movt	r2, 57344
 257 0160 1169     		ldr	r1, [r2, #16]
 258 0162 FA79     		ldrb	r2, [r7, #7]	@ zero_extendqisi2
 259 0164 0A43     		orrs	r2, r2, r1
 260 0166 1A61     		str	r2, [r3, #16]
 261 0168 0DE0     		b	.L6
 262              	.L7:
 182:../stm32_lib/src/misc.c ****   }
 183:../stm32_lib/src/misc.c ****   else
 184:../stm32_lib/src/misc.c ****   {
 185:../stm32_lib/src/misc.c ****     SCB->SCR &= (uint32_t)(~(uint32_t)LowPowerMode);
 263              		.loc 1 185 0
 264 016a 4FF46D43 		mov	r3, #60672
 265 016e CEF20003 		movt	r3, 57344
 266 0172 4FF46D42 		mov	r2, #60672
 267 0176 CEF20002 		movt	r2, 57344
 268 017a 1169     		ldr	r1, [r2, #16]
 269 017c FA79     		ldrb	r2, [r7, #7]	@ zero_extendqisi2
 270 017e 6FEA0202 		mvn	r2, r2
 271 0182 0A40     		ands	r2, r2, r1
 272 0184 1A61     		str	r2, [r3, #16]
 273              	.L6:
 186:../stm32_lib/src/misc.c ****   }
 187:../stm32_lib/src/misc.c **** }
 274              		.loc 1 187 0
 275 0186 07F10C07 		add	r7, r7, #12
 276 018a BD46     		mov	sp, r7
 277 018c 80BC     		pop	{r7}
 278 018e 7047     		bx	lr
 279              		.cfi_endproc
 280              	.LFE32:
 282              		.align	2
 283              		.global	SysTick_CLKSourceConfig
 284              		.thumb
 285              		.thumb_func
 287              	SysTick_CLKSourceConfig:
 288              	.LFB33:
 188:../stm32_lib/src/misc.c **** 
 189:../stm32_lib/src/misc.c **** /**
 190:../stm32_lib/src/misc.c ****   * @brief  Configures the SysTick clock source.
 191:../stm32_lib/src/misc.c ****   * @param  SysTick_CLKSource: specifies the SysTick clock source.
 192:../stm32_lib/src/misc.c ****   *   This parameter can be one of the following values:
 193:../stm32_lib/src/misc.c ****   *     @arg SysTick_CLKSource_HCLK_Div8: AHB clock divided by 8 selected as SysTick clock source.
 194:../stm32_lib/src/misc.c ****   *     @arg SysTick_CLKSource_HCLK: AHB clock selected as SysTick clock source.
 195:../stm32_lib/src/misc.c ****   * @retval None
 196:../stm32_lib/src/misc.c ****   */
 197:../stm32_lib/src/misc.c **** void SysTick_CLKSourceConfig(uint32_t SysTick_CLKSource)
 198:../stm32_lib/src/misc.c **** {
 289              		.loc 1 198 0
 290              		.cfi_startproc
 291              		@ args = 0, pretend = 0, frame = 8
 292              		@ frame_needed = 1, uses_anonymous_args = 0
 293              		@ link register save eliminated.
 294 0190 80B4     		push	{r7}
 295              	.LCFI12:
 296              		.cfi_def_cfa_offset 4
 297              		.cfi_offset 7, -4
 298 0192 83B0     		sub	sp, sp, #12
 299              	.LCFI13:
 300              		.cfi_def_cfa_offset 16
 301 0194 00AF     		add	r7, sp, #0
 302              	.LCFI14:
 303              		.cfi_def_cfa_register 7
 304 0196 7860     		str	r0, [r7, #4]
 199:../stm32_lib/src/misc.c ****   /* Check the parameters */
 200:../stm32_lib/src/misc.c ****   assert_param(IS_SYSTICK_CLK_SOURCE(SysTick_CLKSource));
 201:../stm32_lib/src/misc.c ****   if (SysTick_CLKSource == SysTick_CLKSource_HCLK)
 305              		.loc 1 201 0
 306 0198 7B68     		ldr	r3, [r7, #4]
 307 019a 042B     		cmp	r3, #4
 308 019c 0CD1     		bne	.L10
 202:../stm32_lib/src/misc.c ****   {
 203:../stm32_lib/src/misc.c ****     SysTick->CTRL |= SysTick_CLKSource_HCLK;
 309              		.loc 1 203 0
 310 019e 4EF21003 		movw	r3, #57360
 311 01a2 CEF20003 		movt	r3, 57344
 312 01a6 4EF21002 		movw	r2, #57360
 313 01aa CEF20002 		movt	r2, 57344
 314 01ae 1268     		ldr	r2, [r2, #0]
 315 01b0 42F00402 		orr	r2, r2, #4
 316 01b4 1A60     		str	r2, [r3, #0]
 317 01b6 0BE0     		b	.L9
 318              	.L10:
 204:../stm32_lib/src/misc.c ****   }
 205:../stm32_lib/src/misc.c ****   else
 206:../stm32_lib/src/misc.c ****   {
 207:../stm32_lib/src/misc.c ****     SysTick->CTRL &= SysTick_CLKSource_HCLK_Div8;
 319              		.loc 1 207 0
 320 01b8 4EF21003 		movw	r3, #57360
 321 01bc CEF20003 		movt	r3, 57344
 322 01c0 4EF21002 		movw	r2, #57360
 323 01c4 CEF20002 		movt	r2, 57344
 324 01c8 1268     		ldr	r2, [r2, #0]
 325 01ca 22F00402 		bic	r2, r2, #4
 326 01ce 1A60     		str	r2, [r3, #0]
 327              	.L9:
 208:../stm32_lib/src/misc.c ****   }
 209:../stm32_lib/src/misc.c **** }
 328              		.loc 1 209 0
 329 01d0 07F10C07 		add	r7, r7, #12
 330 01d4 BD46     		mov	sp, r7
 331 01d6 80BC     		pop	{r7}
 332 01d8 7047     		bx	lr
 333              		.cfi_endproc
 334              	.LFE33:
 336              	.Letext0:
 337              		.file 2 "/opt/CodeSourcery/arm-2011.09/bin/../lib/gcc/arm-none-eabi/4.6.1/../../../../arm-none-eab
 338              		.file 3 "/home/simon/Workspace/stm32vl/stm32_lib/inc/core_cm3.h"
 339              		.file 4 "/home/simon/Workspace/stm32vl/stm32_lib/inc/stm32f10x.h"
 340              		.file 5 "/home/simon/Workspace/stm32vl/stm32_lib/inc/misc.h"
DEFINED SYMBOLS
                            *ABS*:00000000 misc.c
     /tmp/cccuuKxn.s:18     .text:00000000 $t
     /tmp/cccuuKxn.s:23     .text:00000000 NVIC_PriorityGroupConfig
     /tmp/cccuuKxn.s:62     .text:00000028 NVIC_Init
     /tmp/cccuuKxn.s:186    .text:00000110 NVIC_SetVectorTable
     /tmp/cccuuKxn.s:227    .text:0000013c NVIC_SystemLPConfig
     /tmp/cccuuKxn.s:287    .text:00000190 SysTick_CLKSourceConfig
                     .debug_frame:00000010 $d

NO UNDEFINED SYMBOLS
